[2024-11-07 19:26:49] [[31merror[39m] : uncaughtException: Cannot find module './services/SocketService'
Require stack:
- D:\Personal Projects\breederdao-assessment\app.js
- D:\Personal Projects\breederdao-assessment\server.js
Error: Cannot find module './services/SocketService'
Require stack:
- D:\Personal Projects\breederdao-assessment\app.js
- D:\Personal Projects\breederdao-assessment\server.js
    at Module._resolveFilename (node:internal/modules/cjs/loader:1145:15)
    at Module._load (node:internal/modules/cjs/loader:986:27)
    at Module.require (node:internal/modules/cjs/loader:1233:19)
    at require (node:internal/modules/helpers:179:18)
    at Object.<anonymous> (D:\Personal Projects\breederdao-assessment\app.js:22:23)
    at Module._compile (node:internal/modules/cjs/loader:1358:14)
    at Module._extensions..js (node:internal/modules/cjs/loader:1416:10)
    at Module.load (node:internal/modules/cjs/loader:1208:32)
    at Module._load (node:internal/modules/cjs/loader:1024:12)
    at Module.require (node:internal/modules/cjs/loader:1233:19)
[2024-11-07 19:26:49] [[31merror[39m] : uncaughtException: Cannot find module './services/SocketService'
Require stack:
- D:\Personal Projects\breederdao-assessment\app.js
- D:\Personal Projects\breederdao-assessment\server.js
Error: Cannot find module './services/SocketService'
Require stack:
- D:\Personal Projects\breederdao-assessment\app.js
- D:\Personal Projects\breederdao-assessment\server.js
    at Module._resolveFilename (node:internal/modules/cjs/loader:1145:15)
    at Module._load (node:internal/modules/cjs/loader:986:27)
    at Module.require (node:internal/modules/cjs/loader:1233:19)
    at require (node:internal/modules/helpers:179:18)
    at Object.<anonymous> (D:\Personal Projects\breederdao-assessment\app.js:22:23)
    at Module._compile (node:internal/modules/cjs/loader:1358:14)
    at Module._extensions..js (node:internal/modules/cjs/loader:1416:10)
    at Module.load (node:internal/modules/cjs/loader:1208:32)
    at Module._load (node:internal/modules/cjs/loader:1024:12)
    at Module.require (node:internal/modules/cjs/loader:1233:19)
[2024-11-07 19:27:00] [[32minfo[39m] : Server is running on port: undefined
[2024-11-07 19:27:59] [[32minfo[39m] : Server is running on port: 3000
[2024-11-07 19:58:07] [[32minfo[39m] : Server is running on port: 3000
[2024-11-07 19:58:24] [[32minfo[39m] : Server is running on port: 3000
[2024-11-07 21:48:53] [[32minfo[39m] : Server is running on port: 3000
[2024-11-07 21:49:06] [[32minfo[39m] : Server is running on port: 3000
[2024-11-07 21:49:26] [[32minfo[39m] : Server is running on port: 3000
[2024-11-07 21:49:52] [[32minfo[39m] : Server is running on port: 3000
[2024-11-07 21:50:04] [[32minfo[39m] : Server is running on port: 3000
[2024-11-07 21:50:50] [[32minfo[39m] : Server is running on port: 3000
[2024-11-07 21:51:03] [[32minfo[39m] : Server is running on port: 3000
[2024-11-07 21:51:05] [[32minfo[39m] : Server is running on port: 3000
[2024-11-07 21:51:20] [[32minfo[39m] : Server is running on port: 3000
[2024-11-07 21:54:38] [[32minfo[39m] : Server is running on port: 3000
[2024-11-07 21:55:30] [[32minfo[39m] : Server is running on port: 3000
[2024-11-07 21:55:45] [[32minfo[39m] : Server is running on port: 3000
[2024-11-07 21:55:51] [[32minfo[39m] : Server is running on port: 3000
[2024-11-07 21:57:52] [[32minfo[39m] : Server is running on port: 3000
[2024-11-07 21:58:17] [[32minfo[39m] : Server is running on port: 3000
[2024-11-07 21:59:23] [[32minfo[39m] : Server is running on port: 3000
[2024-11-07 21:59:30] [[32minfo[39m] : Server is running on port: 3000
[2024-11-07 21:59:52] [[32minfo[39m] : Server is running on port: 3000
[2024-11-07 22:00:12] [[32minfo[39m] : Server is running on port: 3000
[2024-11-07 22:00:15] [[32minfo[39m] : Server is running on port: 3000
